<?xml version="1.0" encoding="UTF-8"?>
<testsuite xmlns:xsi="http://www.w3.org/2001/XMLSchema-instance" xsi:noNamespaceSchemaLocation="https://maven.apache.org/surefire/maven-surefire-plugin/xsd/surefire-test-report.xsd" version="3.0.2" name="com.setminusx.ramsey.ui.sampler.ThroughputWebSocketIT" time="0.997" tests="1" errors="0" skipped="0" failures="0" flakes="0">
  <properties>
[...]
</properties>
  <testcase name="client_receives_broadcast_sample" classname="com.setminusx.ramsey.ui.sampler.ThroughputWebSocketIT" time="0.359">
    <system-out><![CDATA[2026-06-20T11:30:51.261-04:00  INFO 53869 --- [ramsey-ui-rest] [           main] t.c.s.AnnotationConfigContextLoaderUtils : Could not detect default configuration classes for test class [com.setminusx.ramsey.ui.sampler.ThroughputWebSocketIT]: ThroughputWebSocketIT does not declare any static, non-private, non-final, nested classes annotated with @Configuration.
2026-06-20T11:30:51.292-04:00  INFO 53869 --- [ramsey-ui-rest] [           main] .b.t.c.SpringBootTestContextBootstrapper : Found @SpringBootConfiguration com.setminusx.ramsey.ui.Application for test class com.setminusx.ramsey.ui.sampler.ThroughputWebSocketIT
2026-06-20T11:30:51.293-04:00  INFO 53869 --- [ramsey-ui-rest] [           main] t.c.s.AnnotationConfigContextLoaderUtils : Could not detect default configuration classes for test class [com.setminusx.ramsey.ui.sampler.ThroughputWebSocketIT]: ThroughputWebSocketIT does not declare any static, non-private, non-final, nested classes annotated with @Configuration.
2026-06-20T11:30:51.293-04:00  INFO 53869 --- [ramsey-ui-rest] [           main] .b.t.c.SpringBootTestContextBootstrapper : Found @SpringBootConfiguration com.setminusx.ramsey.ui.Application for test class com.setminusx.ramsey.ui.sampler.ThroughputWebSocketIT
2026-06-20T11:30:51.295-04:00  INFO 53869 --- [ramsey-ui-rest] [           main] o.s.m.s.b.SimpleBrokerMessageHandler     : Stopping...
2026-06-20T11:30:51.295-04:00  INFO 53869 --- [ramsey-ui-rest] [           main] o.s.m.s.b.SimpleBrokerMessageHandler     : BrokerAvailabilityEvent[available=false, SimpleBrokerMessageHandler [org.springframework.messaging.simp.broker.DefaultSubscriptionRegistry@7491cdae]]
2026-06-20T11:30:51.295-04:00  INFO 53869 --- [ramsey-ui-rest] [           main] o.s.m.s.b.SimpleBrokerMessageHandler     : Stopped.

  .   ____          _            __ _ _
 /\\ / ___'_ __ _ _(_)_ __  __ _ \ \ \ \
( ( )\___ | '_ | '_| | '_ \/ _` | \ \ \ \
 \\/  ___)| |_)| | | | | || (_| |  ) ) ) )
  '  |____| .__|_| |_|_| |_\__, | / / / /
 =========|_|==============|___/=/_/_/_/

 :: Spring Boot ::                (v4.1.0)

2026-06-20T11:30:51.398-04:00  INFO 53869 --- [ramsey-ui-rest] [           main] c.s.r.ui.sampler.ThroughputWebSocketIT   : Starting ThroughputWebSocketIT using Java 25 with PID 53869 (started by benferenchak in /Users/benferenchak/IdeaProjects/ramsey/ramsey-ui/ramsey-ui-rest)
2026-06-20T11:30:51.402-04:00  INFO 53869 --- [ramsey-ui-rest] [           main] c.s.r.ui.sampler.ThroughputWebSocketIT   : No active profile set, falling back to 1 default profile: "default"
2026-06-20T11:30:51.537-04:00  INFO 53869 --- [ramsey-ui-rest] [           main] .s.d.r.c.RepositoryConfigurationDelegate : Multiple Spring Data modules found, entering strict repository configuration mode
2026-06-20T11:30:51.537-04:00  INFO 53869 --- [ramsey-ui-rest] [           main] .s.d.r.c.RepositoryConfigurationDelegate : Bootstrapping Spring Data Redis repositories in DEFAULT mode.
2026-06-20T11:30:51.541-04:00  INFO 53869 --- [ramsey-ui-rest] [           main] .s.d.r.c.RepositoryConfigurationDelegate : Finished Spring Data repository scanning in 2 ms. Found 0 Redis repository interfaces.
2026-06-20T11:30:51.638-04:00  INFO 53869 --- [ramsey-ui-rest] [           main] o.s.boot.tomcat.TomcatWebServer          : Tomcat initialized with port 0 (http)
2026-06-20T11:30:51.638-04:00  INFO 53869 --- [ramsey-ui-rest] [           main] o.apache.catalina.core.StandardService   : Starting service [Tomcat]
2026-06-20T11:30:51.638-04:00  INFO 53869 --- [ramsey-ui-rest] [           main] o.apache.catalina.core.StandardEngine    : Starting Servlet engine: [Apache Tomcat/11.0.22]
2026-06-20T11:30:51.643-04:00  INFO 53869 --- [ramsey-ui-rest] [           main] b.w.c.s.WebApplicationContextInitializer : Root WebApplicationContext: initialization completed in 240 ms
2026-06-20T11:30:51.814-04:00  INFO 53869 --- [ramsey-ui-rest] [           main] o.s.b.w.a.WelcomePageHandlerMapping      : Adding welcome page: class path resource [META-INF/resources/index.html]
2026-06-20T11:30:51.862-04:00  INFO 53869 --- [ramsey-ui-rest] [           main] o.s.b.a.e.web.EndpointLinksResolver      : Exposing 2 endpoints beneath base path '/actuator'
2026-06-20T11:30:51.879-04:00  INFO 53869 --- [ramsey-ui-rest] [           main] o.s.m.s.b.SimpleBrokerMessageHandler     : Starting...
2026-06-20T11:30:51.880-04:00  INFO 53869 --- [ramsey-ui-rest] [           main] o.s.m.s.b.SimpleBrokerMessageHandler     : BrokerAvailabilityEvent[available=true, SimpleBrokerMessageHandler [org.springframework.messaging.simp.broker.DefaultSubscriptionRegistry@4ff1b0d]]
2026-06-20T11:30:51.880-04:00  INFO 53869 --- [ramsey-ui-rest] [           main] o.s.m.s.b.SimpleBrokerMessageHandler     : Started.
2026-06-20T11:30:51.883-04:00  INFO 53869 --- [ramsey-ui-rest] [           main] o.s.boot.tomcat.TomcatWebServer          : Tomcat started on port 63089 (http) with context path '/'
2026-06-20T11:30:51.895-04:00  INFO 53869 --- [ramsey-ui-rest] [           main] c.s.r.ui.sampler.ThroughputWebSocketIT   : Started ThroughputWebSocketIT in 0.542 seconds (process running for 5.379)
2026-06-20T11:30:51.979-04:00  INFO 53869 --- [ramsey-ui-rest] [o-auto-2-exec-1] o.a.c.c.C.[Tomcat-1].[localhost].[/]     : Initializing Spring DispatcherServlet 'dispatcherServlet'
2026-06-20T11:30:51.980-04:00  INFO 53869 --- [ramsey-ui-rest] [o-auto-2-exec-1] o.s.web.servlet.DispatcherServlet        : Initializing Servlet 'dispatcherServlet'
2026-06-20T11:30:51.981-04:00  INFO 53869 --- [ramsey-ui-rest] [o-auto-2-exec-1] o.s.web.servlet.DispatcherServlet        : Completed initialization in 1 ms
]]></system-out>
  </testcase>
</testsuite>