<?xml version="1.0" encoding="UTF-8"?>
<testsuite xmlns:xsi="http://www.w3.org/2001/XMLSchema-instance" xsi:noNamespaceSchemaLocation="https://maven.apache.org/surefire/maven-surefire-plugin/xsd/surefire-test-report.xsd" version="3.0.2" name="com.setminusx.ramsey.ui.sampler.ThroughputBufferTest" time="0.068" tests="2" errors="0" skipped="0" failures="0" flakes="0">
  <properties>
[...]
</properties>
  <testcase name="snapshot_since_filters_by_timestamp" classname="com.setminusx.ramsey.ui.sampler.ThroughputBufferTest" time="0.04"/>
  <testcase name="evicts_oldest_beyond_capacity" classname="com.setminusx.ramsey.ui.sampler.ThroughputBufferTest" time="0.011"/>
</testsuite>